<?xml version="1.0" encoding="UTF-8"?>
<!-- Generated by org.testng.reporters.JUnitReportReporter -->
<testsuite hostname="ip-172-31-45-180" failures="0" tests="1" name="com.MonsterLoginPOM.TestPage.LoginPageTest" time="6.506" errors="0" timestamp="2021-02-10T03:23:31 UTC" skipped="0">
  <testcase classname="com.MonsterLoginPOM.TestPage.LoginPageTest" name="validLoginTest" time="6.506"/>
  <system-out/>
</testsuite> <!-- com.MonsterLoginPOM.TestPage.LoginPageTest -->
